<?xml version="1.0" encoding="UTF-8"?>
<testng-results skipped="0" failed="0" ignored="2" total="3" passed="1">
  <reporter-output>
  </reporter-output>
  <suite name="Debug" duration-ms="24093" started-at="2019-09-02T18:13:14Z" finished-at="2019-09-02T18:13:38Z">
    <groups>
    </groups>
    <test name="ExceptionsTest" duration-ms="24093" started-at="2019-09-02T18:13:14Z" finished-at="2019-09-02T18:13:38Z">
      <class name="com.herokuapp.theinternet.ExceptionsTest">
        <test-method status="PASS" signature="setUp(java.lang.String)[pri:0, instance:com.herokuapp.theinternet.ExceptionsTest@28d25987]" name="setUp" is-config="true" duration-ms="14593" started-at="2019-09-02T18:13:14Z" finished-at="2019-09-02T18:13:28Z">
          <params>
            <param index="0">
              <value>
                <![CDATA[chrome]]>
              </value>
            </param>
          </params>
          <reporter-output>
          </reporter-output>
        </test-method> <!-- setUp -->
        <test-method status="PASS" signature="noSuchElementTest()[pri:3, instance:com.herokuapp.theinternet.ExceptionsTest@28d25987]" name="noSuchElementTest" duration-ms="8815" started-at="2019-09-02T18:13:28Z" finished-at="2019-09-02T18:13:37Z">
          <reporter-output>
          </reporter-output>
        </test-method> <!-- noSuchElementTest -->
        <test-method status="PASS" signature="tearDown()[pri:0, instance:com.herokuapp.theinternet.ExceptionsTest@28d25987]" name="tearDown" is-config="true" duration-ms="661" started-at="2019-09-02T18:13:37Z" finished-at="2019-09-02T18:13:38Z">
          <reporter-output>
          </reporter-output>
        </test-method> <!-- tearDown -->
      </class> <!-- com.herokuapp.theinternet.ExceptionsTest -->
    </test> <!-- ExceptionsTest -->
  </suite> <!-- Debug -->
</testng-results>
