<?xml version="1.0" encoding="UTF-8"?>
<!-- Generated by org.testng.reporters.JUnitXMLReporter -->
<testsuite hostname="Jones-PC" ignored="1" name="LoginTest" tests="1" failures="0" timestamp="31 Aug 2019 18:44:47 GMT" time="83.734" errors="0">
  <testcase name="negativelogintest" time="83.73" classname="com.herokuapp.theinternet.LoginTest$NegativeTests"/>
  <testcase name="logintest" time="0.0" classname="com.herokuapp.theinternet.LoginTest">
    <ignored/>
  </testcase> <!-- logintest -->
</testsuite> <!-- LoginTest -->
