<?xml version="1.0" encoding="UTF-8"?>
<!-- Generated by org.testng.reporters.JUnitXMLReporter -->
<testsuite hostname="Jones-PC" ignored="1" name="NegativeTests" tests="1" failures="0" timestamp="07 Jul 2019 07:35:13 GMT" time="16.556" errors="0">
  <testcase name="negativelogintest" time="16.517" classname="com.herokuapp.theinternet.NegativeTests"/>
  <testcase name="negativeloginpasswordtest" time="0.0" classname="com.herokuapp.theinternet.NegativeTests">
    <ignored/>
  </testcase> <!-- negativeloginpasswordtest -->
</testsuite> <!-- NegativeTests -->
