<?xml version="1.0" encoding="UTF-8"?>
<!-- Generated by org.testng.reporters.JUnitXMLReporter -->
<testsuite hostname="Jones-PC" ignored="0" name="NegativePasswordTests" tests="2" failures="0" timestamp="31 Aug 2019 18:46:25 GMT" time="97.658" errors="0">
  <testcase name="logintest" time="40.192" classname="com.herokuapp.theinternet.LoginTest"/>
  <testcase name="negativelogintest" time="57.458" classname="com.herokuapp.theinternet.LoginTest$NegativeTests"/>
</testsuite> <!-- NegativePasswordTests -->
