<?xml version="1.0" encoding="UTF-8"?>
<!-- Generated by org.testng.reporters.JUnitXMLReporter -->
<testsuite hostname="Jones-PC" ignored="1" name="PositiveTests" tests="1" failures="0" timestamp="31 Aug 2019 18:43:24 GMT" time="88.499" errors="0">
  <testcase name="logintest" time="88.462" classname="com.herokuapp.theinternet.LoginTest"/>
  <testcase name="negativelogintest" time="0.0" classname="com.herokuapp.theinternet.LoginTest$NegativeTests">
    <ignored/>
  </testcase> <!-- negativelogintest -->
</testsuite> <!-- PositiveTests -->
