<?xml version="1.0" encoding="UTF-8"?>
<!-- Generated by org.testng.reporters.JUnitXMLReporter -->
<testsuite hostname="Jones-PC" ignored="2" name="ExceptionsTest" tests="1" failures="0" timestamp="02 Sep 2019 18:13:38 GMT" time="24.093" errors="0">
  <testcase name="noSuchElementTest" time="8.815" classname="com.herokuapp.theinternet.ExceptionsTest"/>
  <testcase name="notVisibleTest" time="0.0" classname="com.herokuapp.theinternet.ExceptionsTest">
    <ignored/>
  </testcase> <!-- notVisibleTest -->
  <testcase name="timeoutTest" time="0.0" classname="com.herokuapp.theinternet.ExceptionsTest">
    <ignored/>
  </testcase> <!-- timeoutTest -->
</testsuite> <!-- ExceptionsTest -->
