<?xml version="1.0" encoding="UTF-8"?>
<testng-results ignored="0" total="1" passed="1" failed="0" skipped="0">
  <reporter-output>
  </reporter-output>
  <suite started-at="2020-08-30T07:36:30Z" name="DropdownTestSuite" finished-at="2020-08-30T07:36:44Z" duration-ms="14023">
    <groups>
    </groups>
    <test started-at="2020-08-30T07:36:30Z" name="DropdownTests" finished-at="2020-08-30T07:36:44Z" duration-ms="14023">
      <class name="com.herokuapp.theinternet.dropdowntests.DropdownTest">
        <test-method is-config="true" signature="setUp(java.lang.reflect.Method, java.lang.String, java.lang.String, java.lang.String, org.testng.ITestContext)[pri:0, instance:com.herokuapp.theinternet.dropdowntests.DropdownTest@1af2d44a]" started-at="2020-08-30T07:36:31Z" name="setUp" finished-at="2020-08-30T07:36:41Z" duration-ms="9665" status="PASS">
          <params>
            <param index="0">
              <value>
                <![CDATA[public void com.herokuapp.theinternet.dropdowntests.DropdownTest.optionTwoTest()]]>
              </value>
            </param>
            <param index="1">
              <value>
                <![CDATA[chrome]]>
              </value>
            </param>
            <param index="2">
              <value is-null="true"/>
            </param>
            <param index="3">
              <value is-null="true"/>
            </param>
            <param index="4">
              <value>
                <![CDATA[org.testng.TestRunner@468be356]]>
              </value>
            </param>
          </params>
          <reporter-output>
          </reporter-output>
        </test-method> <!-- setUp -->
        <test-method signature="optionTwoTest()[pri:0, instance:com.herokuapp.theinternet.dropdowntests.DropdownTest@1af2d44a]" started-at="2020-08-30T07:36:41Z" name="optionTwoTest" finished-at="2020-08-30T07:36:44Z" duration-ms="3041" status="PASS">
          <reporter-output>
          </reporter-output>
        </test-method> <!-- optionTwoTest -->
        <test-method is-config="true" signature="tearDown()[pri:0, instance:com.herokuapp.theinternet.dropdowntests.DropdownTest@1af2d44a]" started-at="2020-08-30T07:36:44Z" name="tearDown" finished-at="2020-08-30T07:36:44Z" duration-ms="713" status="PASS">
          <reporter-output>
          </reporter-output>
        </test-method> <!-- tearDown -->
      </class> <!-- com.herokuapp.theinternet.dropdowntests.DropdownTest -->
    </test> <!-- DropdownTests -->
  </suite> <!-- DropdownTestSuite -->
</testng-results>
