<?xml version="1.0" encoding="UTF-8"?>
<!-- Generated by org.testng.reporters.JUnitXMLReporter -->
<testsuite hostname="Jones-PC" ignored="1" name="NegativeTests" tests="1" failures="0" timestamp="06 Jul 2019 19:30:35 GMT" time="16.12" errors="0">
  <testcase name="negativelogintest" time="16.075" classname="com.herokuapp.theinternet.NegativeTests"/>
  <testcase name="negativeloginpasswordtest" time="0.0" classname="com.herokuapp.theinternet.NegativeTests">
    <ignored/>
  </testcase> <!-- negativeloginpasswordtest -->
</testsuite> <!-- NegativeTests -->
